<?xml version="1.0" encoding="UTF-8" ?>
<testsuite tests="3" failures="0" name="RunCucumberTest" time="134.983" errors="0" skipped="0">
  <properties>
[...]
</properties>
  <testcase classname="Login and search Tours" name="I want to be able to search hiking tour" time="46.757"/>
  <testcase classname="Login , search and Save a selected Tour" name="I want to be able to search bike tour and save selected tour" time="53.961"/>
  <testcase classname="Login and search Komoot Maps plans" name="Shop Komoot Maps plan Bundle and verify the Price" time="34.265"/>
</testsuite>